build 3/app/intermediates/manifest_merge_blame_file 2/debug/manifest-merger-blame-debug-report.txt
1<?xml version="1.0" encoding="utf-8"?>
2<manifest xmlns:android="http://schemas.android.com/apk/res/android"
3    package="com.groomely.seller.app"
4    android:versionCode="1"
5    android:versionName="1.0.0" >
6
7    <uses-sdk
8        android:minSdkVersion="22"
9        android:targetSdkVersion="33" />
10    <!--
11         Flutter needs it to communicate with the running application
12         to allow setting breakpoints, to provide hot reload, etc.
13    -->
14    <uses-permission android:name="android.permission.INTERNET" />
14-->src/main/AndroidManifest.xml:12:5-66
14-->src/main/AndroidManifest.xml:12:22-64
15    <!--
16     io.flutter.app.FlutterApplication is an android.app.Application that
17         calls FlutterMain.startInitialization(this); in its onCreate method.
18         In most cases you can leave this as-is, but you if you want to provide
19         additional functionality it is fine to subclass or reimplement
20         FlutterApplication and put your custom class here.
21    -->
22    <uses-permission android:name="android.permission.CAMERA" />
22-->src/main/AndroidManifest.xml:8:5-64
22-->src/main/AndroidManifest.xml:8:22-62
23    <uses-permission
23-->src/main/AndroidManifest.xml:9:5-10:38
24        android:name="android.permission.READ_EXTERNAL_STORAGE"
24-->src/main/AndroidManifest.xml:9:22-77
25        android:maxSdkVersion="32" />
25-->src/main/AndroidManifest.xml:10:9-35
26    <uses-permission android:name="android.permission.READ_MEDIA_IMAGES" />
26-->src/main/AndroidManifest.xml:11:5-76
26-->src/main/AndroidManifest.xml:11:22-73
27    <uses-permission android:name="android.permission.POST_NOTIFICATIONS" />
27-->src/main/AndroidManifest.xml:13:5-76
27-->src/main/AndroidManifest.xml:13:22-74
28
29    <permission
29-->[androidx.core:core:1.10.1] AndroidManifest.xml:22:5-24:47
30        android:name="com.groomely.seller.app.DYNAMIC_RECEIVER_NOT_EXPORTED_PERMISSION"
30-->[androidx.core:core:1.10.1] AndroidManifest.xml:23:9-81
31        android:protectionLevel="signature" />
31-->[androidx.core:core:1.10.1] AndroidManifest.xml:24:9-44
32
33    <uses-permission android:name="com.groomely.seller.app.DYNAMIC_RECEIVER_NOT_EXPORTED_PERMISSION" />
33-->[androidx.core:core:1.10.1] AndroidManifest.xml:26:5-97
33-->[androidx.core:core:1.10.1] AndroidManifest.xml:26:22-94
34
35    <application
35-->src/main/AndroidManifest.xml:15:5-53:19
36        android:appComponentFactory="androidx.core.app.CoreComponentFactory"
36-->[androidx.core:core:1.10.1] AndroidManifest.xml:28:18-86
37        android:debuggable="true"
38        android:icon="@mipmap/ic_launcher"
38-->src/main/AndroidManifest.xml:17:9-43
39        android:label="groomely_seller" >
39-->src/main/AndroidManifest.xml:16:9-40
40        <activity
40-->src/main/AndroidManifest.xml:18:9-47:20
41            android:name="com.groomely.seller.app.MainActivity"
41-->src/main/AndroidManifest.xml:19:13-41
42            android:configChanges="orientation|keyboardHidden|keyboard|screenSize|smallestScreenSize|locale|layoutDirection|fontScale|screenLayout|density|uiMode"
42-->src/main/AndroidManifest.xml:22:13-163
43            android:exported="true"
43-->src/main/AndroidManifest.xml:24:13-36
44            android:hardwareAccelerated="true"
44-->src/main/AndroidManifest.xml:23:13-47
45            android:launchMode="singleTop"
45-->src/main/AndroidManifest.xml:20:13-43
46            android:theme="@style/LaunchTheme"
46-->src/main/AndroidManifest.xml:21:13-47
47            android:windowSoftInputMode="adjustResize" >
47-->src/main/AndroidManifest.xml:25:13-55
48
49            <!--
50                 Specifies an Android theme to apply to this Activity as soon as
51                 the Android process has started. This theme is visible to the user
52                 while the Flutter UI initializes. After that, this theme continues
53                 to determine the Window background behind the Flutter UI.
54            -->
55            <meta-data
55-->src/main/AndroidManifest.xml:30:13-33:17
56                android:name="io.flutter.embedding.android.NormalTheme"
56-->src/main/AndroidManifest.xml:31:15-70
57                android:resource="@style/NormalTheme" />
57-->src/main/AndroidManifest.xml:32:15-52
58            <!--
59                 Displays an Android View that continues showing the launch screen
60                 Drawable until Flutter paints its first frame, then this splash
61                 screen fades out. A splash screen is useful to avoid any visual
62                 gap between the end of Android's launch screen and the painting of
63                 Flutter's first frame.
64            -->
65            <!--
66              <meta-data
67              android:name="io.flutter.embedding.android.SplashScreenDrawable"
68              android:resource="@drawable/launch_background"
69              />
70            -->
71            <intent-filter>
71-->src/main/AndroidManifest.xml:43:13-46:29
72                <action android:name="android.intent.action.MAIN" />
72-->src/main/AndroidManifest.xml:44:17-68
72-->src/main/AndroidManifest.xml:44:25-66
73
74                <category android:name="android.intent.category.LAUNCHER" />
74-->src/main/AndroidManifest.xml:45:17-76
74-->src/main/AndroidManifest.xml:45:27-74
75            </intent-filter>
76        </activity>
77        <!--
78             Don't delete the meta-data below.
79             This is used by the Flutter tool to generate GeneratedPluginRegistrant.java
80        -->
81        <meta-data
81-->src/main/AndroidManifest.xml:50:9-52:33
82            android:name="flutterEmbedding"
82-->src/main/AndroidManifest.xml:51:13-44
83            android:value="2" />
83-->src/main/AndroidManifest.xml:52:13-30
84
85        <provider
85-->[:image_picker_android] AndroidManifest.xml:10:9-18:20
86            android:name="io.flutter.plugins.imagepicker.ImagePickerFileProvider"
86-->[:image_picker_android] AndroidManifest.xml:11:13-82
87            android:authorities="com.groomely.seller.app.flutter.image_provider"
87-->[:image_picker_android] AndroidManifest.xml:12:13-74
88            android:exported="false"
88-->[:image_picker_android] AndroidManifest.xml:13:13-37
89            android:grantUriPermissions="true" >
89-->[:image_picker_android] AndroidManifest.xml:14:13-47
90            <meta-data
90-->[:image_picker_android] AndroidManifest.xml:15:13-17:75
91                android:name="android.support.FILE_PROVIDER_PATHS"
91-->[:image_picker_android] AndroidManifest.xml:16:17-67
92                android:resource="@xml/flutter_image_picker_file_paths" />
92-->[:image_picker_android] AndroidManifest.xml:17:17-72
93        </provider>
94        <provider
94-->[:printing] AndroidManifest.xml:10:9-18:20
95            android:name="net.nfet.flutter.printing.PrintFileProvider"
95-->[:printing] AndroidManifest.xml:11:13-71
96            android:authorities="com.groomely.seller.app.flutter.printing"
96-->[:printing] AndroidManifest.xml:12:13-68
97            android:exported="false"
97-->[:printing] AndroidManifest.xml:13:13-37
98            android:grantUriPermissions="true" >
98-->[:printing] AndroidManifest.xml:14:13-47
99            <meta-data
99-->[:image_picker_android] AndroidManifest.xml:15:13-17:75
100                android:name="android.support.FILE_PROVIDER_PATHS"
100-->[:image_picker_android] AndroidManifest.xml:16:17-67
101                android:resource="@xml/flutter_printing_file_paths" />
101-->[:image_picker_android] AndroidManifest.xml:17:17-72
102        </provider>
103
104        <uses-library
104-->[androidx.window:window:1.0.0-beta04] AndroidManifest.xml:25:9-27:40
105            android:name="androidx.window.extensions"
105-->[androidx.window:window:1.0.0-beta04] AndroidManifest.xml:26:13-54
106            android:required="false" />
106-->[androidx.window:window:1.0.0-beta04] AndroidManifest.xml:27:13-37
107        <uses-library
107-->[androidx.window:window:1.0.0-beta04] AndroidManifest.xml:28:9-30:40
108            android:name="androidx.window.sidecar"
108-->[androidx.window:window:1.0.0-beta04] AndroidManifest.xml:29:13-51
109            android:required="false" />
109-->[androidx.window:window:1.0.0-beta04] AndroidManifest.xml:30:13-37
110
111        <provider
111-->[androidx.profileinstaller:profileinstaller:1.3.0] AndroidManifest.xml:24:9-32:20
112            android:name="androidx.startup.InitializationProvider"
112-->[androidx.profileinstaller:profileinstaller:1.3.0] AndroidManifest.xml:25:13-67
113            android:authorities="com.groomely.seller.app.androidx-startup"
113-->[androidx.profileinstaller:profileinstaller:1.3.0] AndroidManifest.xml:26:13-68
114            android:exported="false" >
114-->[androidx.profileinstaller:profileinstaller:1.3.0] AndroidManifest.xml:27:13-37
115            <meta-data
115-->[androidx.profileinstaller:profileinstaller:1.3.0] AndroidManifest.xml:29:13-31:52
116                android:name="androidx.profileinstaller.ProfileInstallerInitializer"
116-->[androidx.profileinstaller:profileinstaller:1.3.0] AndroidManifest.xml:30:17-85
117                android:value="androidx.startup" />
117-->[androidx.profileinstaller:profileinstaller:1.3.0] AndroidManifest.xml:31:17-49
118        </provider>
119
120        <receiver
120-->[androidx.profileinstaller:profileinstaller:1.3.0] AndroidManifest.xml:34:9-52:20
121            android:name="androidx.profileinstaller.ProfileInstallReceiver"
121-->[androidx.profileinstaller:profileinstaller:1.3.0] AndroidManifest.xml:35:13-76
122            android:directBootAware="false"
122-->[androidx.profileinstaller:profileinstaller:1.3.0] AndroidManifest.xml:36:13-44
123            android:enabled="true"
123-->[androidx.profileinstaller:profileinstaller:1.3.0] AndroidManifest.xml:37:13-35
124            android:exported="true"
124-->[androidx.profileinstaller:profileinstaller:1.3.0] AndroidManifest.xml:38:13-36
125            android:permission="android.permission.DUMP" >
125-->[androidx.profileinstaller:profileinstaller:1.3.0] AndroidManifest.xml:39:13-57
126            <intent-filter>
126-->[androidx.profileinstaller:profileinstaller:1.3.0] AndroidManifest.xml:40:13-42:29
127                <action android:name="androidx.profileinstaller.action.INSTALL_PROFILE" />
127-->[androidx.profileinstaller:profileinstaller:1.3.0] AndroidManifest.xml:41:17-91
127-->[androidx.profileinstaller:profileinstaller:1.3.0] AndroidManifest.xml:41:25-88
128            </intent-filter>
129            <intent-filter>
129-->[androidx.profileinstaller:profileinstaller:1.3.0] AndroidManifest.xml:43:13-45:29
130                <action android:name="androidx.profileinstaller.action.SKIP_FILE" />
130-->[androidx.profileinstaller:profileinstaller:1.3.0] AndroidManifest.xml:44:17-85
130-->[androidx.profileinstaller:profileinstaller:1.3.0] AndroidManifest.xml:44:25-82
131            </intent-filter>
132            <intent-filter>
132-->[androidx.profileinstaller:profileinstaller:1.3.0] AndroidManifest.xml:46:13-48:29
133                <action android:name="androidx.profileinstaller.action.SAVE_PROFILE" />
133-->[androidx.profileinstaller:profileinstaller:1.3.0] AndroidManifest.xml:47:17-88
133-->[androidx.profileinstaller:profileinstaller:1.3.0] AndroidManifest.xml:47:25-85
134            </intent-filter>
135            <intent-filter>
135-->[androidx.profileinstaller:profileinstaller:1.3.0] AndroidManifest.xml:49:13-51:29
136                <action android:name="androidx.profileinstaller.action.BENCHMARK_OPERATION" />
136-->[androidx.profileinstaller:profileinstaller:1.3.0] AndroidManifest.xml:50:17-95
136-->[androidx.profileinstaller:profileinstaller:1.3.0] AndroidManifest.xml:50:25-92
137            </intent-filter>
138        </receiver>
139    </application>
140
141</manifest>